<?xml version="1.0" encoding="UTF-8"?>
<testng-results ignored="0" total="1" passed="1" failed="0" skipped="0">
  <reporter-output>
  </reporter-output>
  <suite started-at="2023-06-18T19:53:01 KST" name="Default suite" finished-at="2023-06-18T19:53:13 KST" duration-ms="12180">
    <groups>
    </groups>
    <test started-at="2023-06-18T19:53:01 KST" name="Default test" finished-at="2023-06-18T19:53:13 KST" duration-ms="12180">
      <class name="ryan.Appium2.AppiumBasics">
        <test-method signature="AppiumTest()[pri:0, instance:ryan.Appium2.AppiumBasics@32502377]" started-at="2023-06-18T19:53:01 KST" name="AppiumTest" finished-at="2023-06-18T19:53:13 KST" duration-ms="12128" status="PASS">
          <reporter-output>
          </reporter-output>
        </test-method> <!-- AppiumTest -->
      </class> <!-- ryan.Appium2.AppiumBasics -->
    </test> <!-- Default test -->
  </suite> <!-- Default suite -->
</testng-results>
